Sep  7 11:49:50 smaug kernel: [    6.955852] ccp 0000:2d:00.1: ccp: unable to access the device: you might be running a broken BIOS.
Sep  7 11:49:50 smaug kernel: [    7.016818] usbcore: registered new device driver apple-mfi-fastcharge
Sep  7 11:49:50 smaug kernel: [    7.017498] RAPL PMU: API unit is 2^-32 Joules, 1 fixed counters, 163840 ms ovfl timer
Sep  7 11:49:50 smaug kernel: [    7.017500] RAPL PMU: hw unit of domain package 2^-16 Joules
Sep  7 11:49:50 smaug kernel: [    7.018755] snd_hda_intel 0000:2b:00.1: enabling device (0000 -> 0002)
Sep  7 11:49:50 smaug kernel: [    7.018828] snd_hda_intel 0000:2b:00.1: Disabling MSI
Sep  7 11:49:50 smaug kernel: [    7.018833] snd_hda_intel 0000:2b:00.1: Handle vga_switcheroo audio client
Sep  7 11:49:50 smaug kernel: [    7.018882] snd_hda_intel 0000:2d:00.4: enabling device (0000 -> 0002)
Sep  7 11:49:50 smaug kernel: [    7.032663] Bluetooth: Core ver 2.22
Sep  7 11:49:50 smaug kernel: [    7.032680] NET: Registered PF_BLUETOOTH protocol family
Sep  7 11:49:50 smaug kernel: [    7.032681] Bluetooth: HCI device and connection manager initialized
Sep  7 11:49:50 smaug kernel: [    7.032685] Bluetooth: HCI socket layer initialized
Sep  7 11:49:50 smaug kernel: [    7.032686] Bluetooth: L2CAP socket layer initialized
Sep  7 11:49:50 smaug kernel: [    7.032688] Bluetooth: SCO socket layer initialized
Sep  7 11:49:50 smaug kernel: [    7.045896] kvm: disabled by bios
Sep  7 11:49:50 smaug kernel: [    7.046257] usbcore: registered new interface driver btusb
Sep  7 11:49:50 smaug kernel: [    7.047187] Bluetooth: hci0: unexpected event for opcode 0x0000
Sep  7 11:49:50 smaug kernel: [    7.047359] snd_hda_codec_realtek hdaudioC1D0: autoconfig for ALC897: line_outs=4 (0x14/0x15/0x16/0x17/0x0) type:line
Sep  7 11:49:50 smaug kernel: [    7.047361] snd_hda_codec_realtek hdaudioC1D0:    speaker_outs=0 (0x0/0x0/0x0/0x0/0x0)
Sep  7 11:49:50 smaug kernel: [    7.047362] snd_hda_codec_realtek hdaudioC1D0:    hp_outs=1 (0x1b/0x0/0x0/0x0/0x0)
Sep  7 11:49:50 smaug kernel: [    7.047363] snd_hda_codec_realtek hdaudioC1D0:    mono: mono_out=0x0
Sep  7 11:49:50 smaug kernel: [    7.047363] snd_hda_codec_realtek hdaudioC1D0:    inputs:
Sep  7 11:49:50 smaug kernel: [    7.047364] snd_hda_codec_realtek hdaudioC1D0:      Front Mic=0x19
Sep  7 11:49:50 smaug kernel: [    7.047365] snd_hda_codec_realtek hdaudioC1D0:      Rear Mic=0x18
Sep  7 11:49:50 smaug kernel: [    7.047365] snd_hda_codec_realtek hdaudioC1D0:      Line=0x1a
Sep  7 11:49:50 smaug kernel: [    7.047847] MCE: In-kernel MCE decoding enabled.
Sep  7 11:49:50 smaug kernel: [    7.052445] input: HDA NVidia HDMI/DP,pcm=3 as /devices/pci0000:00/0000:00:03.1/0000:2b:00.1/sound/card0/input9
Sep  7 11:49:50 smaug kernel: [    7.052481] input: HDA NVidia HDMI/DP,pcm=7 as /devices/pci0000:00/0000:00:03.1/0000:2b:00.1/sound/card0/input10
Sep  7 11:49:50 smaug kernel: [    7.052511] input: HDA NVidia HDMI/DP,pcm=8 as /devices/pci0000:00/0000:00:03.1/0000:2b:00.1/sound/card0/input11
Sep  7 11:49:50 smaug kernel: [    7.052546] input: HDA NVidia HDMI/DP,pcm=9 as /devices/pci0000:00/0000:00:03.1/0000:2b:00.1/sound/card0/input12
Sep  7 11:49:50 smaug kernel: [    7.052578] input: HDA NVidia HDMI/DP,pcm=10 as /devices/pci0000:00/0000:00:03.1/0000:2b:00.1/sound/card0/input13
Sep  7 11:49:50 smaug kernel: [    7.052602] input: HDA NVidia HDMI/DP,pcm=11 as /devices/pci0000:00/0000:00:03.1/0000:2b:00.1/sound/card0/input14
Sep  7 11:49:50 smaug kernel: [    7.052636] input: HDA NVidia HDMI/DP,pcm=12 as /devices/pci0000:00/0000:00:03.1/0000:2b:00.1/sound/card0/input15
Sep  7 11:49:50 smaug kernel: [    7.053291] intel_rapl_common: Found RAPL domain package
Sep  7 11:49:50 smaug kernel: [    7.053293] intel_rapl_common: Found RAPL domain core
Sep  7 11:49:50 smaug kernel: [    7.061773] input: HD-Audio Generic Front Mic as /devices/pci0000:00/0000:00:08.1/0000:2d:00.4/sound/card1/input16
Sep  7 11:49:50 smaug kernel: [    7.061810] input: HD-Audio Generic Rear Mic as /devices/pci0000:00/0000:00:08.1/0000:2d:00.4/sound/card1/input17
Sep  7 11:49:50 smaug kernel: [    7.061838] input: HD-Audio Generic Line as /devices/pci0000:00/0000:00:08.1/0000:2d:00.4/sound/card1/input18
Sep  7 11:49:50 smaug kernel: [    7.061863] input: HD-Audio Generic Line Out Front as /devices/pci0000:00/0000:00:08.1/0000:2d:00.4/sound/card1/input19
Sep  7 11:49:50 smaug kernel: [    7.061885] input: HD-Audio Generic Line Out Surround as /devices/pci0000:00/0000:00:08.1/0000:2d:00.4/sound/card1/input20
Sep  7 11:49:50 smaug kernel: [    7.061917] input: HD-Audio Generic Line Out CLFE as /devices/pci0000:00/0000:00:08.1/0000:2d:00.4/sound/card1/input21
Sep  7 11:49:50 smaug kernel: [    7.061946] input: HD-Audio Generic Line Out Side as /devices/pci0000:00/0000:00:08.1/0000:2d:00.4/sound/card1/input22
Sep  7 11:49:50 smaug kernel: [    7.061972] input: HD-Audio Generic Front Headphone as /devices/pci0000:00/0000:00:08.1/0000:2d:00.4/sound/card1/input23
Sep  7 11:49:50 smaug kernel: [    7.080223] Bluetooth: hci0: CSR: Setting up dongle with HCI ver=6 rev=22bb; LMP ver=6 subver=22bb; manufacturer=10
Sep  7 11:49:50 smaug kernel: [    7.365298] usbcore: registered new interface driver snd-usb-audio
Sep  7 11:49:50 smaug kernel: [    7.527603] ZFS: Loaded module v2.1.5-1ubuntu6~22.04.1, ZFS pool version 5000, ZFS filesystem version 5
Sep  7 11:49:50 smaug kernel: [    7.565542] audit: type=1400 audit(1694080190.515:2): apparmor="STATUS" operation="profile_load" profile="unconfined" name="libreoffice-senddoc" pid=1004 comm="apparmor_parser"
Sep  7 11:49:50 smaug kernel: [    7.565551] audit: type=1400 audit(1694080190.515:3): apparmor="STATUS" operation="profile_load" profile="unconfined" name="libreoffice-xpdfimport" pid=1006 comm="apparmor_parser"
Sep  7 11:49:50 smaug kernel: [    7.566271] audit: type=1400 audit(1694080190.515:4): apparmor="STATUS" operation="profile_load" profile="unconfined" name="lsb_release" pid=996 comm="apparmor_parser"
Sep  7 11:49:50 smaug kernel: [    7.566346] audit: type=1400 audit(1694080190.515:5): apparmor="STATUS" operation="profile_load" profile="unconfined" name="nvidia_modprobe" pid=997 comm="apparmor_parser"
Sep  7 11:49:50 smaug kernel: [    7.566348] audit: type=1400 audit(1694080190.515:6): apparmor="STATUS" operation="profile_load" profile="unconfined" name="nvidia_modprobe//kmod" pid=997 comm="apparmor_parser"
Sep  7 11:49:50 smaug kernel: [    7.566456] audit: type=1400 audit(1694080190.515:7): apparmor="STATUS" operation="profile_load" profile="unconfined" name="/usr/bin/man" pid=1000 comm="apparmor_parser"
Sep  7 11:49:50 smaug kernel: [    7.566458] audit: type=1400 audit(1694080190.515:8): apparmor="STATUS" operation="profile_load" profile="unconfined" name="man_filter" pid=1000 comm="apparmor_parser"
Sep  7 11:49:50 smaug kernel: [    7.566460] audit: type=1400 audit(1694080190.515:9): apparmor="STATUS" operation="profile_load" profile="unconfined" name="man_groff" pid=1000 comm="apparmor_parser"
Sep  7 11:49:50 smaug kernel: [    7.566604] audit: type=1400 audit(1694080190.515:10): apparmor="STATUS" operation="profile_load" profile="unconfined" name="libreoffice-oosplash" pid=1003 comm="apparmor_parser"
Sep  7 11:49:50 smaug kernel: [    7.567465] audit: type=1400 audit(1694080190.515:11): apparmor="STATUS" operation="profile_load" profile="unconfined" name="/usr/sbin/cups-browsed" pid=1007 comm="apparmor_parser"
Sep  7 11:49:50 smaug kernel: [    7.760344] ipheth 3-1:4.2: Apple iPhone USB Ethernet device attached
Sep  7 11:49:50 smaug kernel: [    7.760359] usbcore: registered new interface driver ipheth
Sep  7 11:49:50 smaug kernel: [    7.761678] ipheth 3-1:4.2 enxda1c7964e7da: renamed from eth0
Sep  7 11:49:50 smaug kernel: [    7.783042] Bluetooth: BNEP (Ethernet Emulation) ver 1.3
Sep  7 11:49:50 smaug kernel: [    7.783044] Bluetooth: BNEP filters: protocol multicast
Sep  7 11:49:50 smaug kernel: [    7.783047] Bluetooth: BNEP socket layer initialized
Sep  7 11:49:50 smaug kernel: [    7.788796] NET: Registered PF_ALG protocol family
Sep  7 11:49:50 smaug kernel: [    7.936161] Generic FE-GE Realtek PHY r8169-0-2a00:00: attached PHY driver (mii_bus:phy_addr=r8169-0-2a00:00, irq=MAC)
Sep  7 11:49:51 smaug kernel: [    8.120541] r8169 0000:2a:00.0 enp42s0: Link is Down
Sep  7 11:49:52 smaug kernel: [    9.742795] r8169 0000:2a:00.0 enp42s0: Link is Up - 100Mbps/Full - flow control rx/tx
Sep  7 11:49:52 smaug kernel: [    9.742805] IPv6: ADDRCONF(NETDEV_CHANGE): enp42s0: link becomes ready
Sep  7 11:49:53 smaug kernel: [   10.170012] [drm:nv_drm_master_set [nvidia_drm]] *ERROR* [nvidia-drm] [GPU ID 0x00002b00] Failed to grab modeset ownership
Sep  7 11:49:53 smaug kernel: [   10.206876] Bluetooth: RFCOMM TTY layer initialized
Sep  7 11:49:53 smaug kernel: [   10.206882] Bluetooth: RFCOMM socket layer initialized
Sep  7 11:49:53 smaug kernel: [   10.206886] Bluetooth: RFCOMM ver 1.11
Sep  7 11:49:57 smaug kernel: [   14.936808] kauditd_printk_skb: 15 callbacks suppressed
Sep  7 11:49:57 smaug kernel: [   14.936811] audit: type=1400 audit(1694080197.887:27): apparmor="DENIED" operation="capable" profile="/usr/sbin/cups-browsed" pid=3865 comm="cups-browsed" capability=23  capname="sys_nice"
Sep  7 11:50:08 smaug kernel: [   25.899036] [drm:nv_drm_master_set [nvidia_drm]] *ERROR* [nvidia-drm] [GPU ID 0x00002b00] Failed to grab modeset ownership
Sep  7 11:53:23 smaug kernel: [  221.276786] Hello, Kernel!
Sep  7 11:53:23 smaug kernel: [  221.276789] read_write - Device Nr. Major: 505, Minor: 1 was registered!
Sep  7 11:53:46 smaug kernel: [  243.686263] AVM OPEN - open was called!
Sep  7 11:53:46 smaug kernel: [  243.686276] AVM CLOSE - close was called!
Sep  7 11:53:46 smaug kernel: [  243.803783] TIMER: Hallo
Sep  7 11:53:47 smaug kernel: [  244.827789] TIMER: das
Sep  7 11:53:48 smaug kernel: [  245.851631] TIMER: ist
Sep  7 11:53:49 smaug kernel: [  246.875822] TIMER: ein
Sep  7 11:53:50 smaug kernel: [  247.899894] TIMER: Test
Sep  7 11:54:09 smaug kernel: [  266.671673] AVM OPEN - open was called!
Sep  7 11:54:09 smaug kernel: [  266.671685] AVM CLOSE - close was called!
Sep  7 11:54:09 smaug kernel: [  267.355789] TIMER: Linux
Sep  7 11:54:10 smaug kernel: [  268.379753] TIMER: Kernel
Sep  7 11:54:11 smaug kernel: [  269.403951] TIMER: Module
Sep  7 11:54:12 smaug kernel: [  270.427768] TIMER: sind
Sep  7 11:54:13 smaug kernel: [  271.451765] TIMER: echt
Sep  7 11:54:14 smaug kernel: [  272.475522] TIMER: cool
Sep  7 11:54:36 smaug kernel: [  294.593279] AVM OPEN - open was called!
Sep  7 11:54:36 smaug kernel: [  294.593296] AVM CLOSE - close was called!
Sep  7 11:54:43 smaug kernel: [  300.856030] AVM OPEN - open was called!
Sep  7 11:54:43 smaug kernel: [  300.856037] AVM CLOSE - close was called!
Sep  7 11:55:14 smaug kernel: [  332.520890] AVM OPEN - open was called!
Sep  7 11:55:14 smaug kernel: [  332.520901] AVM CLOSE - close was called!
Sep  7 11:55:15 smaug kernel: [  332.891598] TIMER: Letzte
Sep  7 11:55:16 smaug kernel: [  333.915827] TIMER: Eingabe
Sep  7 11:57:54 smaug kernel: [  492.014906] Goodbye, Kernel!
